/*C12*/SET SCHEMA PUBLIC
DELETE FROM SCENE WHERE ID=1
COMMIT
INSERT INTO SCENE VALUES(102,'Levi atacando loucura total','5',0,'Attack on Titan Season 3 Part 2','https://api.trace.moe/image/104578/Shingeki%20no%20Kyojin%203%20Part%202%20-%2005%20(BD%201280x720%20x264%20AAC).mp4.jpg?t=293.08500000000004&now=1722808800&token=pP0BfR0lVk6S2mIiw5fiqNGoGzo',292)
ALTER SEQUENCE PUBLIC.SCENE_SEQ RESTART WITH 201
COMMIT
DELETE FROM SCENE WHERE ID=102
COMMIT
INSERT INTO SCENE VALUES(103,'Levi atacando loucura total','5',0,'Attack on Titan Season 3 Part 2','https://api.trace.moe/image/104578/Shingeki%20no%20Kyojin%203%20Part%202%20-%2005%20(BD%201280x720%20x264%20AAC).mp4.jpg?t=293.08500000000004&now=1722808800&token=pP0BfR0lVk6S2mIiw5fiqNGoGzo',292)
COMMIT
DELETE FROM SCENE WHERE ID=2
INSERT INTO SCENE VALUES(2,'SAO weird fight scene','10',1,'Sword Art Online','https://api.trace.moe/image/11757/%5BSOSG%26DMG%5D%5BSword%20Art%20Online%5D%5B10%5D%5B1280x720%5D%5BBIG5%5D.mp4.jpg?t=269.75&now=1722794400&token=YFjDxhxoLY7rMHt7kPT5WiLwL8',269)
COMMIT
DELETE FROM SCENE WHERE ID=2
INSERT INTO SCENE VALUES(2,'SAO weird fight scene','10',2,'Sword Art Online','https://api.trace.moe/image/11757/%5BSOSG%26DMG%5D%5BSword%20Art%20Online%5D%5B10%5D%5B1280x720%5D%5BBIG5%5D.mp4.jpg?t=269.75&now=1722794400&token=YFjDxhxoLY7rMHt7kPT5WiLwL8',269)
COMMIT
DELETE FROM SCENE WHERE ID=2
INSERT INTO SCENE VALUES(2,'SAO weird fight scene','10',3,'Sword Art Online','https://api.trace.moe/image/11757/%5BSOSG%26DMG%5D%5BSword%20Art%20Online%5D%5B10%5D%5B1280x720%5D%5BBIG5%5D.mp4.jpg?t=269.75&now=1722794400&token=YFjDxhxoLY7rMHt7kPT5WiLwL8',269)
COMMIT
DELETE FROM SCENE WHERE ID=2
INSERT INTO SCENE VALUES(2,'Descri\u00e7\u00e3o Editada','10',3,'Sword Art Online','https://api.trace.moe/image/11757/%5BSOSG%26DMG%5D%5BSword%20Art%20Online%5D%5B10%5D%5B1280x720%5D%5BBIG5%5D.mp4.jpg?t=269.75&now=1722794400&token=YFjDxhxoLY7rMHt7kPT5WiLwL8',269)
COMMIT
DELETE FROM SCENE WHERE ID=2
INSERT INTO SCENE VALUES(2,'Descri\u00e7\u00e3o Editada com xml','10',3,'Sword Art Online','https://api.trace.moe/image/11757/%5BSOSG%26DMG%5D%5BSword%20Art%20Online%5D%5B10%5D%5B1280x720%5D%5BBIG5%5D.mp4.jpg?t=269.75&now=1722794400&token=YFjDxhxoLY7rMHt7kPT5WiLwL8',269)
COMMIT
/*C13*/SET SCHEMA PUBLIC
DISCONNECT
/*C15*/SET SCHEMA PUBLIC
DISCONNECT
/*C17*/SET SCHEMA PUBLIC
DISCONNECT
/*C21*/SET SCHEMA PUBLIC
DISCONNECT
/*C20*/SET SCHEMA PUBLIC
DISCONNECT
/*C14*/SET SCHEMA PUBLIC
DISCONNECT
/*C12*/DISCONNECT
/*C16*/SET SCHEMA PUBLIC
DISCONNECT
/*C19*/SET SCHEMA PUBLIC
DISCONNECT
/*C18*/SET SCHEMA PUBLIC
DISCONNECT
/*C22*/SET SCHEMA PUBLIC
DISCONNECT
/*C23*/SET SCHEMA PUBLIC
DISCONNECT
/*C24*/SET SCHEMA PUBLIC
DISCONNECT
/*C25*/SET SCHEMA PUBLIC
DISCONNECT
/*C26*/SET SCHEMA PUBLIC
DISCONNECT
/*C27*/SET SCHEMA PUBLIC
DISCONNECT
/*C28*/SET SCHEMA PUBLIC
DISCONNECT
/*C29*/SET SCHEMA PUBLIC
DISCONNECT
/*C30*/SET SCHEMA PUBLIC
DISCONNECT
/*C31*/SET SCHEMA PUBLIC
DISCONNECT
